<?xml version="1.0" encoding="UTF-8"?>
<testsuite xmlns:xsi="http://www.w3.org/2001/XMLSchema-instance" xsi:noNamespaceSchemaLocation="https://maven.apache.org/surefire/maven-surefire-plugin/xsd/surefire-test-report.xsd" name="external.letiuka.persistence.transaction.DefaultTransactionManagerTest" time="0.711" tests="6" errors="0" skipped="0" failures="0">
  <properties>
[...]
</properties>
  <testcase name="rollsBackImplicitTransactions" classname="external.letiuka.persistence.transaction.DefaultTransactionManagerTest" time="0.071"/>
  <testcase name="commitsImplicitTransactions" classname="external.letiuka.persistence.transaction.DefaultTransactionManagerTest" time="0.002"/>
  <testcase name="rollsBackExplicitTransactions" classname="external.letiuka.persistence.transaction.DefaultTransactionManagerTest" time="0.003"/>
  <testcase name="commitsExplicitTransactions" classname="external.letiuka.persistence.transaction.DefaultTransactionManagerTest" time="0.003"/>
  <testcase name="startsNewImplicitTransactions" classname="external.letiuka.persistence.transaction.DefaultTransactionManagerTest" time="0.01"/>
  <testcase name="startsNewExplicitTransactions" classname="external.letiuka.persistence.transaction.DefaultTransactionManagerTest" time="0.003"/>
</testsuite>